2026-07-21 10:04:45 [INFO] ===== 电商销量数据同步 2026/7/21 18:04:45 =====
2026-07-21 10:04:45 [ERROR] 数据文件夹不存在: C:UsersAdministratorDownloads
ode	iktok_data
2026-07-21 10:04:45 [ERROR] 请修改脚本中的 DATA_FOLDER 为你的实际数据文件夹路径
2026-07-21 10:05:09 [INFO] ===== 电商销量数据同步 2026/7/21 18:05:09 =====
2026-07-21 10:05:09 [INFO] 开始扫描文件夹: C:\Users\Administrator\Downloads\node\tiktok_data
2026-07-21 10:05:09 [INFO] ==================================================
2026-07-21 10:05:09 [INFO] 正在上传: FingersX.xlsx
2026-07-21 10:05:09 [INFO]   ✓ 成功 (file_id: 7664919765496627238)
2026-07-21 10:05:10 [INFO] 正在上传: TOOLBOX.xlsx
2026-07-21 10:05:10 [INFO]   ✓ 成功 (file_id: 7664919808680558627)
2026-07-21 10:05:10 [INFO] 正在上传: VMAN EU.xlsx
2026-07-21 10:05:10 [INFO]   ✓ 成功 (file_id: 7664919738610876416)
2026-07-21 10:05:11 [INFO] 正在上传: VMAN Tools Store-周销量.xlsx
2026-07-21 10:05:11 [INFO]   ✓ 成功 (file_id: 7664919786526490666)
2026-07-21 10:05:11 [INFO] 正在上传: VMAN Tools Store-日销量.xlsx
2026-07-21 10:05:11 [INFO]   ✓ 成功 (file_id: 7664919681689911338)
2026-07-21 10:05:11 [INFO] 正在上传: VMAN Tools Store-月销量.xlsx
2026-07-21 10:05:11 [INFO]   ✓ 成功 (file_id: 7664919965040082971)
2026-07-21 10:05:12 [INFO] 正在上传: VMAN Tools Store.xlsx
2026-07-21 10:05:12 [INFO]   ✓ 成功 (file_id: 7664919845339349038)
2026-07-21 10:05:12 [INFO] ==================================================
2026-07-21 10:05:12 [INFO] 同步完成: 上传 7 个, 跳过 0 个, 失败 0 个
